<?xml version="1.0" encoding="UTF-8"?>
<testsuite name="TestSuite" time="8.502" tests="7" errors="0" skipped="0" failures="0">
  <properties>
[...]
</properties>
  <testcase name="getResponseDetails" classname="InterviewProject.cmpute.io.testExecution" time="5.021"/>
  <testcase name="Validate_Response_Headers" classname="InterviewProject.cmpute.io.testExecution" time="0.025"/>
  <testcase name="Validate_Response_Body" classname="InterviewProject.cmpute.io.testExecution" time="0.954"/>
  <testcase name="Create_PostResource" classname="InterviewProject.cmpute.io.testExecution" time="0.835"/>
  <testcase name="DeleteResource" classname="InterviewProject.cmpute.io.testExecution" time="0.844"/>
  <testcase name="ValidateLongResponse" classname="InterviewProject.cmpute.io.testExecution" time="0.625"/>
  <testcase name="ValidateCookies" classname="InterviewProject.cmpute.io.testExecution" time="0.198"/>
</testsuite>