<?xml version="1.0" encoding="UTF-8"?>
<testng-results skipped="0" failed="0" ignored="0" total="7" passed="7">
  <reporter-output>
  </reporter-output>
  <suite name="API Run" duration-ms="8714" started-at="2017-08-15T19:55:58Z" finished-at="2017-08-15T19:56:06Z">
    <groups>
    </groups>
    <test name="API Validations" duration-ms="8714" started-at="2017-08-15T19:55:58Z" finished-at="2017-08-15T19:56:06Z">
      <class name="InterviewProject.cmpute.io.testExecution">
        <test-method status="PASS" signature="getResponseDetails()[pri:0, instance:InterviewProject.cmpute.io.testExecution@735b5592]" name="getResponseDetails" duration-ms="4695" started-at="2017-08-16T01:25:58Z" finished-at="2017-08-16T01:26:03Z">
          <reporter-output>
          </reporter-output>
        </test-method> <!-- getResponseDetails -->
        <test-method status="PASS" signature="Validate_Response_Headers()[pri:1, instance:InterviewProject.cmpute.io.testExecution@735b5592]" name="Validate_Response_Headers" duration-ms="28" started-at="2017-08-16T01:26:03Z" description="Check all responses in console and validate using Advanced assertions" finished-at="2017-08-16T01:26:03Z">
          <reporter-output>
          </reporter-output>
        </test-method> <!-- Validate_Response_Headers -->
        <test-method status="PASS" signature="Validate_Response_Body()[pri:2, instance:InterviewProject.cmpute.io.testExecution@735b5592]" name="Validate_Response_Body" duration-ms="382" started-at="2017-08-16T01:26:03Z" description="Validate Headers with JSON Parsing" depends-on-methods="InterviewProject.cmpute.io.testExecution.Validate_Response_Headers" finished-at="2017-08-16T01:26:03Z">
          <reporter-output>
          </reporter-output>
        </test-method> <!-- Validate_Response_Body -->
        <test-method status="PASS" signature="Create_PostResource()[pri:3, instance:InterviewProject.cmpute.io.testExecution@735b5592]" name="Create_PostResource" duration-ms="850" started-at="2017-08-16T01:26:03Z" depends-on-methods="InterviewProject.cmpute.io.testExecution.Validate_Response_Body" finished-at="2017-08-16T01:26:04Z">
          <reporter-output>
          </reporter-output>
        </test-method> <!-- Create_PostResource -->
        <test-method status="PASS" signature="DeleteResource()[pri:4, instance:InterviewProject.cmpute.io.testExecution@735b5592]" name="DeleteResource" duration-ms="1103" started-at="2017-08-16T01:26:04Z" description="Validating Delete Requests" finished-at="2017-08-16T01:26:05Z">
          <reporter-output>
          </reporter-output>
        </test-method> <!-- DeleteResource -->
        <test-method status="PASS" signature="ValidateLongResponse()[pri:5, instance:InterviewProject.cmpute.io.testExecution@735b5592]" name="ValidateLongResponse" duration-ms="1333" started-at="2017-08-16T01:26:05Z" description="Validate Cookies" finished-at="2017-08-16T01:26:06Z">
          <reporter-output>
          </reporter-output>
        </test-method> <!-- ValidateLongResponse -->
        <test-method status="PASS" signature="ValidateCookies()[pri:6, instance:InterviewProject.cmpute.io.testExecution@735b5592]" name="ValidateCookies" duration-ms="207" started-at="2017-08-16T01:26:06Z" description="Validating the cookies" finished-at="2017-08-16T01:26:06Z">
          <reporter-output>
          </reporter-output>
        </test-method> <!-- ValidateCookies -->
      </class> <!-- InterviewProject.cmpute.io.testExecution -->
    </test> <!-- API Validations -->
  </suite> <!-- API Run -->
</testng-results>
