<?xml version="1.0" encoding="UTF-8"?>
<!-- Generated by org.testng.reporters.JUnitXMLReporter -->
<testsuite hostname="NMKANNAN" ignored="0" name="Default test" tests="7" failures="0" timestamp="15 Aug 2017 19:32:46 GMT" time="8.12" errors="0">
  <testcase name="getResponseDetails" time="4.758" classname="InterviewProject.cmpute.io.testExecution"/>
  <testcase name="validateHeaders" time="0.042" classname="InterviewProject.cmpute.io.testExecution"/>
  <testcase name="validateBody" time="0.414" classname="InterviewProject.cmpute.io.testExecution"/>
  <testcase name="postContent" time="0.958" classname="InterviewProject.cmpute.io.testExecution"/>
  <testcase name="DeleteResource" time="0.946" classname="InterviewProject.cmpute.io.testExecution"/>
  <testcase name="ValidateLongResponse" time="0.645" classname="InterviewProject.cmpute.io.testExecution"/>
  <testcase name="ValidateCookies" time="0.234" classname="InterviewProject.cmpute.io.testExecution"/>
</testsuite> <!-- Default test -->
